  Русаков_1.cpp
C:\Program Files\Microsoft Visual Studio\2022\Community\VC\Tools\MSVC\14.30.30705\include\excpt.h(17,1): error C2059: синтаксическая ошибка: строка
C:\Program Files\Microsoft Visual Studio\2022\Community\VC\Tools\MSVC\14.30.30705\include\excpt.h(17,1): error C2334: непредвиденные лексемы перед "{"; пропуск вероятного тела функции
C:\Program Files\Microsoft Visual Studio\2022\Community\VC\Tools\MSVC\14.30.30705\include\stdarg.h(16,1): error C2059: синтаксическая ошибка: строка
C:\Program Files\Microsoft Visual Studio\2022\Community\VC\Tools\MSVC\14.30.30705\include\stdarg.h(16,1): error C2334: непредвиденные лексемы перед "{"; пропуск вероятного тела функции
C:\Program Files (x86)\Windows Kits\10\Include\10.0.19041.0\shared\windef.h(17,8): error C2059: синтаксическая ошибка: строка
C:\Program Files (x86)\Windows Kits\10\Include\10.0.19041.0\shared\windef.h(17,12): error C2334: непредвиденные лексемы перед "{"; пропуск вероятного тела функции
C:\Program Files (x86)\Windows Kits\10\Include\10.0.19041.0\um\winnt.h(1082,9): warning C4164: _rotl8: подставляемая функция не объявлена
C:\Program Files (x86)\Windows Kits\10\Include\10.0.19041.0\um\winnt.h(1083,9): warning C4164: _rotl16: подставляемая функция не объявлена
C:\Program Files (x86)\Windows Kits\10\Include\10.0.19041.0\um\winnt.h(1084,9): warning C4164: _rotr8: подставляемая функция не объявлена
C:\Program Files (x86)\Windows Kits\10\Include\10.0.19041.0\um\winnt.h(1085,9): warning C4164: _rotr16: подставляемая функция не объявлена
C:\Program Files (x86)\Windows Kits\10\Include\10.0.19041.0\um\winnt.h(2801,9): warning C4164: _bittestandcomplement: подставляемая функция не объявлена
C:\Program Files (x86)\Windows Kits\10\Include\10.0.19041.0\um\winnt.h(2802,9): warning C4164: _bittestandset: подставляемая функция не объявлена
C:\Program Files (x86)\Windows Kits\10\Include\10.0.19041.0\um\winnt.h(2803,9): warning C4164: _bittestandreset: подставляемая функция не объявлена
C:\Program Files (x86)\Windows Kits\10\Include\10.0.19041.0\um\winnt.h(2805,9): warning C4164: _interlockedbittestandreset: подставляемая функция не объявлена
C:\Program Files (x86)\Windows Kits\10\Include\10.0.19041.0\um\winnt.h(2807,9): warning C4164: _bittest64: подставляемая функция не объявлена
C:\Program Files (x86)\Windows Kits\10\Include\10.0.19041.0\um\winnt.h(2808,9): warning C4164: _bittestandcomplement64: подставляемая функция не объявлена
C:\Program Files (x86)\Windows Kits\10\Include\10.0.19041.0\um\winnt.h(2809,9): warning C4164: _bittestandset64: подставляемая функция не объявлена
C:\Program Files (x86)\Windows Kits\10\Include\10.0.19041.0\um\winnt.h(2810,9): warning C4164: _bittestandreset64: подставляемая функция не объявлена
C:\Program Files (x86)\Windows Kits\10\Include\10.0.19041.0\um\winnt.h(2811,9): warning C4164: _interlockedbittestandset64: подставляемая функция не объявлена
C:\Program Files (x86)\Windows Kits\10\Include\10.0.19041.0\um\winnt.h(2812,9): warning C4164: _interlockedbittestandreset64: подставляемая функция не объявлена
C:\Program Files (x86)\Windows Kits\10\Include\10.0.19041.0\um\winnt.h(3158,9): warning C4164: _InterlockedExchangePointer: подставляемая функция не объявлена
C:\Program Files (x86)\Windows Kits\10\Include\10.0.19041.0\um\winnt.h(3159,9): warning C4164: _InterlockedCompareExchangePointer: подставляемая функция не объявлена
C:\Program Files (x86)\Windows Kits\10\Include\10.0.19041.0\um\winnt.h(3260,9): warning C4164: __cpuidex: подставляемая функция не объявлена
C:\Program Files (x86)\Windows Kits\10\Include\10.0.19041.0\um\winnt.h(3275,9): warning C4164: _mm_clflush: подставляемая функция не объявлена
C:\Program Files (x86)\Windows Kits\10\Include\10.0.19041.0\um\winnt.h(3355,9): warning C4164: __faststorefence: подставляемая функция не объявлена
C:\Program Files (x86)\Windows Kits\10\Include\10.0.19041.0\um\winnt.h(3361,9): warning C4164: _mm_prefetch: подставляемая функция не объявлена
C:\Program Files (x86)\Windows Kits\10\Include\10.0.19041.0\um\winnt.h(3362,9): warning C4164: _mm_lfence: подставляемая функция не объявлена
C:\Program Files (x86)\Windows Kits\10\Include\10.0.19041.0\um\winnt.h(3363,9): warning C4164: _mm_mfence: подставляемая функция не объявлена
C:\Program Files (x86)\Windows Kits\10\Include\10.0.19041.0\um\winnt.h(3364,9): warning C4164: _mm_sfence: подставляемая функция не объявлена
C:\Program Files (x86)\Windows Kits\10\Include\10.0.19041.0\um\winnt.h(3365,9): warning C4164: _m_prefetchw: подставляемая функция не объявлена
C:\Program Files (x86)\Windows Kits\10\Include\10.0.19041.0\um\winnt.h(3399,9): warning C4164: _mm_getcsr: подставляемая функция не объявлена
C:\Program Files (x86)\Windows Kits\10\Include\10.0.19041.0\um\winnt.h(3400,9): warning C4164: _mm_setcsr: подставляемая функция не объявлена
C:\Program Files (x86)\Windows Kits\10\Include\10.0.19041.0\um\winnt.h(3413,9): warning C4164: __getcallerseflags: подставляемая функция не объявлена
C:\Program Files (x86)\Windows Kits\10\Include\10.0.19041.0\um\winnt.h(3426,9): warning C4164: __segmentlimit: подставляемая функция не объявлена
C:\Program Files (x86)\Windows Kits\10\Include\10.0.19041.0\um\winnt.h(3439,9): warning C4164: __readpmc: подставляемая функция не объявлена
C:\Program Files (x86)\Windows Kits\10\Include\10.0.19041.0\um\winnt.h(3452,9): warning C4164: __rdtsc: подставляемая функция не объявлена
C:\Program Files (x86)\Windows Kits\10\Include\10.0.19041.0\um\winnt.h(3486,9): warning C4164: __movsb: подставляемая функция не объявлена
C:\Program Files (x86)\Windows Kits\10\Include\10.0.19041.0\um\winnt.h(3487,9): warning C4164: __movsw: подставляемая функция не объявлена
C:\Program Files (x86)\Windows Kits\10\Include\10.0.19041.0\um\winnt.h(3488,9): warning C4164: __movsd: подставляемая функция не объявлена
C:\Program Files (x86)\Windows Kits\10\Include\10.0.19041.0\um\winnt.h(3489,9): warning C4164: __movsq: подставляемая функция не объявлена
C:\Program Files (x86)\Windows Kits\10\Include\10.0.19041.0\um\winnt.h(3523,9): warning C4164: __stosb: подставляемая функция не объявлена
C:\Program Files (x86)\Windows Kits\10\Include\10.0.19041.0\um\winnt.h(3524,9): warning C4164: __stosw: подставляемая функция не объявлена
C:\Program Files (x86)\Windows Kits\10\Include\10.0.19041.0\um\winnt.h(3525,9): warning C4164: __stosd: подставляемая функция не объявлена
C:\Program Files (x86)\Windows Kits\10\Include\10.0.19041.0\um\winnt.h(3526,9): warning C4164: __stosq: подставляемая функция не объявлена
C:\Program Files (x86)\Windows Kits\10\Include\10.0.19041.0\um\winnt.h(3547,9): warning C4164: __mulh: подставляемая функция не объявлена
C:\Program Files (x86)\Windows Kits\10\Include\10.0.19041.0\um\winnt.h(3548,9): warning C4164: __umulh: подставляемая функция не объявлена
C:\Program Files (x86)\Windows Kits\10\Include\10.0.19041.0\um\winnt.h(3588,9): warning C4164: __shiftleft128: подставляемая функция не объявлена
C:\Program Files (x86)\Windows Kits\10\Include\10.0.19041.0\um\winnt.h(3604,9): warning C4164: _mul128: подставляемая функция не объявлена
C:\Program Files (x86)\Windows Kits\10\Include\10.0.19041.0\um\winnt.h(3726,9): warning C4164: __readgsbyte: подставляемая функция не объявлена
C:\Program Files (x86)\Windows Kits\10\Include\10.0.19041.0\um\winnt.h(3727,9): warning C4164: __readgsword: подставляемая функция не объявлена
C:\Program Files (x86)\Windows Kits\10\Include\10.0.19041.0\um\winnt.h(3728,9): warning C4164: __readgsdword: подставляемая функция не объявлена
C:\Program Files (x86)\Windows Kits\10\Include\10.0.19041.0\um\winnt.h(3729,9): warning C4164: __readgsqword: подставляемая функция не объявлена
C:\Program Files (x86)\Windows Kits\10\Include\10.0.19041.0\um\winnt.h(3730,9): warning C4164: __writegsbyte: подставляемая функция не объявлена
C:\Program Files (x86)\Windows Kits\10\Include\10.0.19041.0\um\winnt.h(3731,9): warning C4164: __writegsword: подставляемая функция не объявлена
C:\Program Files (x86)\Windows Kits\10\Include\10.0.19041.0\um\winnt.h(3732,9): warning C4164: __writegsdword: подставляемая функция не объявлена
C:\Program Files (x86)\Windows Kits\10\Include\10.0.19041.0\um\winnt.h(3733,9): warning C4164: __writegsqword: подставляемая функция не объявлена
C:\Program Files (x86)\Windows Kits\10\Include\10.0.19041.0\um\winnt.h(6434,9): warning C4164: __int2c: подставляемая функция не объявлена
C:\Program Files (x86)\Windows Kits\10\Include\10.0.19041.0\um\winnt.h(20169,9): warning C4164: __fastfail: подставляемая функция не объявлена
C:\Program Files (x86)\Windows Kits\10\Include\10.0.19041.0\um\minwinbase.h(30,8): error C2059: синтаксическая ошибка: строка
C:\Program Files (x86)\Windows Kits\10\Include\10.0.19041.0\um\minwinbase.h(30,12): error C2334: непредвиденные лексемы перед "{"; пропуск вероятного тела функции
C:\Program Files (x86)\Windows Kits\10\Include\10.0.19041.0\um\apiquery2.h(28,8): error C2059: синтаксическая ошибка: строка
C:\Program Files (x86)\Windows Kits\10\Include\10.0.19041.0\um\apiquery2.h(28,12): error C2334: непредвиденные лексемы перед "{"; пропуск вероятного тела функции
C:\Program Files (x86)\Windows Kits\10\Include\10.0.19041.0\um\processenv.h(23,8): error C2059: синтаксическая ошибка: строка
C:\Program Files (x86)\Windows Kits\10\Include\10.0.19041.0\um\processenv.h(23,12): error C2334: непредвиденные лексемы перед "{"; пропуск вероятного тела функции
C:\Program Files (x86)\Windows Kits\10\Include\10.0.19041.0\um\fileapi.h(22,8): error C2059: синтаксическая ошибка: строка
C:\Program Files (x86)\Windows Kits\10\Include\10.0.19041.0\um\fileapi.h(22,12): error C2334: непредвиденные лексемы перед "{"; пропуск вероятного тела функции
C:\Program Files (x86)\Windows Kits\10\Include\10.0.19041.0\um\fileapifromapp.h(23,8): error C2059: синтаксическая ошибка: строка
C:\Program Files (x86)\Windows Kits\10\Include\10.0.19041.0\um\fileapifromapp.h(23,12): error C2334: непредвиденные лексемы перед "{"; пропуск вероятного тела функции
C:\Program Files (x86)\Windows Kits\10\Include\10.0.19041.0\um\debugapi.h(22,8): error C2059: синтаксическая ошибка: строка
C:\Program Files (x86)\Windows Kits\10\Include\10.0.19041.0\um\debugapi.h(22,12): error C2334: непредвиденные лексемы перед "{"; пропуск вероятного тела функции
C:\Program Files (x86)\Windows Kits\10\Include\10.0.19041.0\um\utilapiset.h(21,8): error C2059: синтаксическая ошибка: строка
C:\Program Files (x86)\Windows Kits\10\Include\10.0.19041.0\um\utilapiset.h(21,12): error C2334: непредвиденные лексемы перед "{"; пропуск вероятного тела функции
C:\Program Files (x86)\Windows Kits\10\Include\10.0.19041.0\um\handleapi.h(21,8): error C2059: синтаксическая ошибка: строка
C:\Program Files (x86)\Windows Kits\10\Include\10.0.19041.0\um\handleapi.h(21,12): error C2334: непредвиденные лексемы перед "{"; пропуск вероятного тела функции
C:\Program Files (x86)\Windows Kits\10\Include\10.0.19041.0\um\errhandlingapi.h(21,8): error C2059: синтаксическая ошибка: строка
C:\Program Files (x86)\Windows Kits\10\Include\10.0.19041.0\um\errhandlingapi.h(21,12): error C2334: непредвиденные лексемы перед "{"; пропуск вероятного тела функции
C:\Program Files (x86)\Windows Kits\10\Include\10.0.19041.0\um\fibersapi.h(21,8): error C2059: синтаксическая ошибка: строка
C:\Program Files (x86)\Windows Kits\10\Include\10.0.19041.0\um\fibersapi.h(21,12): error C2334: непредвиденные лексемы перед "{"; пропуск вероятного тела функции
C:\Program Files (x86)\Windows Kits\10\Include\10.0.19041.0\um\namedpipeapi.h(22,8): error C2059: синтаксическая ошибка: строка
C:\Program Files (x86)\Windows Kits\10\Include\10.0.19041.0\um\namedpipeapi.h(22,12): error C2334: непредвиденные лексемы перед "{"; пропуск вероятного тела функции
C:\Program Files (x86)\Windows Kits\10\Include\10.0.19041.0\um\profileapi.h(21,8): error C2059: синтаксическая ошибка: строка
C:\Program Files (x86)\Windows Kits\10\Include\10.0.19041.0\um\profileapi.h(21,12): error C2334: непредвиденные лексемы перед "{"; пропуск вероятного тела функции
C:\Program Files (x86)\Windows Kits\10\Include\10.0.19041.0\um\heapapi.h(28,8): error C2059: синтаксическая ошибка: строка
C:\Program Files (x86)\Windows Kits\10\Include\10.0.19041.0\um\heapapi.h(28,12): error C2334: непредвиденные лексемы перед "{"; пропуск вероятного тела функции
C:\Program Files (x86)\Windows Kits\10\Include\10.0.19041.0\um\ioapiset.h(22,8): error C2059: синтаксическая ошибка: строка
C:\Program Files (x86)\Windows Kits\10\Include\10.0.19041.0\um\ioapiset.h(22,12): error C2334: непредвиденные лексемы перед "{"; пропуск вероятного тела функции
C:\Program Files (x86)\Windows Kits\10\Include\10.0.19041.0\um\synchapi.h(22,8): error C2059: синтаксическая ошибка: строка
C:\Program Files (x86)\Windows Kits\10\Include\10.0.19041.0\um\synchapi.h(22,12): error C2334: непредвиденные лексемы перед "{"; пропуск вероятного тела функции
C:\Program Files (x86)\Windows Kits\10\Include\10.0.19041.0\um\interlockedapi.h(21,8): error C2059: синтаксическая ошибка: строка
C:\Program Files (x86)\Windows Kits\10\Include\10.0.19041.0\um\interlockedapi.h(21,12): error C2334: непредвиденные лексемы перед "{"; пропуск вероятного тела функции
C:\Program Files (x86)\Windows Kits\10\Include\10.0.19041.0\um\processthreadsapi.h(22,8): error C2059: синтаксическая ошибка: строка
C:\Program Files (x86)\Windows Kits\10\Include\10.0.19041.0\um\processthreadsapi.h(22,12): error C2334: непредвиденные лексемы перед "{"; пропуск вероятного тела функции
C:\Program Files (x86)\Windows Kits\10\Include\10.0.19041.0\um\sysinfoapi.h(41,8): error C2059: синтаксическая ошибка: строка
C:\Program Files (x86)\Windows Kits\10\Include\10.0.19041.0\um\sysinfoapi.h(41,12): error C2334: непредвиденные лексемы перед "{"; пропуск вероятного тела функции
C:\Program Files (x86)\Windows Kits\10\Include\10.0.19041.0\um\memoryapi.h(22,8): error C2059: синтаксическая ошибка: строка
C:\Program Files (x86)\Windows Kits\10\Include\10.0.19041.0\um\memoryapi.h(22,12): error C2334: непредвиденные лексемы перед "{"; пропуск вероятного тела функции
C:\Program Files (x86)\Windows Kits\10\Include\10.0.19041.0\um\enclaveapi.h(22,8): error C2059: синтаксическая ошибка: строка
C:\Program Files (x86)\Windows Kits\10\Include\10.0.19041.0\um\enclaveapi.h(22,12): error C2334: непредвиденные лексемы перед "{"; пропуск вероятного тела функции
C:\Program Files (x86)\Windows Kits\10\Include\10.0.19041.0\um\threadpoollegacyapiset.h(22,8): error C2059: синтаксическая ошибка: строка
C:\Program Files (x86)\Windows Kits\10\Include\10.0.19041.0\um\threadpoollegacyapiset.h(22,12): error C2334: непредвиденные лексемы перед "{"; пропуск вероятного тела функции
C:\Program Files (x86)\Windows Kits\10\Include\10.0.19041.0\um\threadpoolapiset.h(22,8): error C2059: синтаксическая ошибка: строка
C:\Program Files (x86)\Windows Kits\10\Include\10.0.19041.0\um\threadpoolapiset.h(22,12): error C2334: непредвиденные лексемы перед "{"; пропуск вероятного тела функции
C:\Program Files (x86)\Windows Kits\10\Include\10.0.19041.0\um\jobapi.h(22,8): error C2059: синтаксическая ошибка: строка
C:\Program Files (x86)\Windows Kits\10\Include\10.0.19041.0\um\jobapi.h(22,12): error C2334: непредвиденные лексемы перед "{"; пропуск вероятного тела функции
C:\Program Files (x86)\Windows Kits\10\Include\10.0.19041.0\um\jobapi2.h(19,8): error C2059: синтаксическая ошибка: строка
C:\Program Files (x86)\Windows Kits\10\Include\10.0.19041.0\um\jobapi2.h(19,12): error C2334: непредвиденные лексемы перед "{"; пропуск вероятного тела функции
C:\Program Files (x86)\Windows Kits\10\Include\10.0.19041.0\um\wow64apiset.h(22,8): error C2059: синтаксическая ошибка: строка
C:\Program Files (x86)\Windows Kits\10\Include\10.0.19041.0\um\wow64apiset.h(22,12): error C2334: непредвиденные лексемы перед "{"; пропуск вероятного тела функции
C:\Program Files (x86)\Windows Kits\10\Include\10.0.19041.0\um\libloaderapi.h(22,8): error C2059: синтаксическая ошибка: строка
C:\Program Files (x86)\Windows Kits\10\Include\10.0.19041.0\um\libloaderapi.h(22,12): error C2334: непредвиденные лексемы перед "{"; пропуск вероятного тела функции
C:\Program Files (x86)\Windows Kits\10\Include\10.0.19041.0\um\securitybaseapi.h(22,8): error C2059: синтаксическая ошибка: строка
C:\Program Files (x86)\Windows Kits\10\Include\10.0.19041.0\um\securitybaseapi.h(22,12): error C2334: непредвиденные лексемы перед "{"; пропуск вероятного тела функции
C:\Program Files (x86)\Windows Kits\10\Include\10.0.19041.0\um\namespaceapi.h(22,8): error C2059: синтаксическая ошибка: строка
C:\Program Files (x86)\Windows Kits\10\Include\10.0.19041.0\um\namespaceapi.h(22,12): error C2334: непредвиденные лексемы перед "{"; пропуск вероятного тела функции
C:\Program Files (x86)\Windows Kits\10\Include\10.0.19041.0\um\systemtopologyapi.h(22,8): error C2059: синтаксическая ошибка: строка
C:\Program Files (x86)\Windows Kits\10\Include\10.0.19041.0\um\systemtopologyapi.h(22,12): error C2334: непредвиденные лексемы перед "{"; пропуск вероятного тела функции
C:\Program Files (x86)\Windows Kits\10\Include\10.0.19041.0\um\processtopologyapi.h(22,8): error C2059: синтаксическая ошибка: строка
C:\Program Files (x86)\Windows Kits\10\Include\10.0.19041.0\um\processtopologyapi.h(22,12): error C2334: непредвиденные лексемы перед "{"; пропуск вероятного тела функции
C:\Program Files (x86)\Windows Kits\10\Include\10.0.19041.0\um\securityappcontainer.h(27,8): error C2059: синтаксическая ошибка: строка
C:\Program Files (x86)\Windows Kits\10\Include\10.0.19041.0\um\securityappcontainer.h(27,12): error C2334: непредвиденные лексемы перед "{"; пропуск вероятного тела функции
C:\Program Files (x86)\Windows Kits\10\Include\10.0.19041.0\um\realtimeapiset.h(21,8): error C2059: синтаксическая ошибка: строка
C:\Program Files (x86)\Windows Kits\10\Include\10.0.19041.0\um\realtimeapiset.h(21,12): error C2334: непредвиденные лексемы перед "{"; пропуск вероятного тела функции
C:\Program Files (x86)\Windows Kits\10\Include\10.0.19041.0\um\winbase.h(73,8): error C2059: синтаксическая ошибка: строка
C:\Program Files (x86)\Windows Kits\10\Include\10.0.19041.0\um\winbase.h(73,12): error C2334: непредвиденные лексемы перед "{"; пропуск вероятного тела функции
C:\Program Files (x86)\Windows Kits\10\Include\10.0.19041.0\um\winbase.h(9535,8): error C2059: синтаксическая ошибка: строка
C:\Program Files (x86)\Windows Kits\10\Include\10.0.19041.0\um\winbase.h(9535,14): error C2334: непредвиденные лексемы перед "{"; пропуск вероятного тела функции
C:\Program Files (x86)\Windows Kits\10\Include\10.0.19041.0\um\wingdi.h(52,8): error C2059: синтаксическая ошибка: строка
C:\Program Files (x86)\Windows Kits\10\Include\10.0.19041.0\um\wingdi.h(52,12): error C2334: непредвиденные лексемы перед "{"; пропуск вероятного тела функции
C:\Program Files (x86)\Windows Kits\10\Include\10.0.19041.0\um\winuser.h(44,8): error C2059: синтаксическая ошибка: строка
C:\Program Files (x86)\Windows Kits\10\Include\10.0.19041.0\um\winuser.h(44,12): error C2334: непредвиденные лексемы перед "{"; пропуск вероятного тела функции
C:\Program Files (x86)\Windows Kits\10\Include\10.0.19041.0\um\winnls.h(24,8): error C2059: синтаксическая ошибка: строка
C:\Program Files (x86)\Windows Kits\10\Include\10.0.19041.0\um\winnls.h(24,12): error C2334: непредвиденные лексемы перед "{"; пропуск вероятного тела функции
C:\Program Files (x86)\Windows Kits\10\Include\10.0.19041.0\um\wincon.h(30,8): error C2059: синтаксическая ошибка: строка
C:\Program Files (x86)\Windows Kits\10\Include\10.0.19041.0\um\wincon.h(30,12): error C2334: непредвиденные лексемы перед "{"; пропуск вероятного тела функции
C:\Program Files (x86)\Windows Kits\10\Include\10.0.19041.0\um\verrsrc.h(133,8): error C2059: синтаксическая ошибка: строка
C:\Program Files (x86)\Windows Kits\10\Include\10.0.19041.0\um\verrsrc.h(133,12): error C2334: непредвиденные лексемы перед "{"; пропуск вероятного тела функции
C:\Program Files (x86)\Windows Kits\10\Include\10.0.19041.0\um\winver.h(23,8): error C2059: синтаксическая ошибка: строка
C:\Program Files (x86)\Windows Kits\10\Include\10.0.19041.0\um\winver.h(23,12): error C2334: непредвиденные лексемы перед "{"; пропуск вероятного тела функции
C:\Program Files (x86)\Windows Kits\10\Include\10.0.19041.0\um\winreg.h(32,8): error C2059: синтаксическая ошибка: строка
C:\Program Files (x86)\Windows Kits\10\Include\10.0.19041.0\um\winreg.h(32,12): error C2334: непредвиденные лексемы перед "{"; пропуск вероятного тела функции
C:\Program Files (x86)\Windows Kits\10\Include\10.0.19041.0\um\winnetwk.h(33,8): error C2059: синтаксическая ошибка: строка
C:\Program Files (x86)\Windows Kits\10\Include\10.0.19041.0\um\winnetwk.h(33,12): error C2334: непредвиденные лексемы перед "{"; пропуск вероятного тела функции
C:\Program Files (x86)\Windows Kits\10\Include\10.0.19041.0\um\dde.h(27,8): error C2059: синтаксическая ошибка: строка
C:\Program Files (x86)\Windows Kits\10\Include\10.0.19041.0\um\dde.h(27,12): error C2334: непредвиденные лексемы перед "{"; пропуск вероятного тела функции
C:\Program Files (x86)\Windows Kits\10\Include\10.0.19041.0\um\ddeml.h(26,8): error C2059: синтаксическая ошибка: строка
C:\Program Files (x86)\Windows Kits\10\Include\10.0.19041.0\um\ddeml.h(26,12): error C2334: непредвиденные лексемы перед "{"; пропуск вероятного тела функции
C:\Program Files (x86)\Windows Kits\10\Include\10.0.19041.0\um\dlgs.h(266,13): error C3646: bRed: неизвестный спецификатор переопределения
C:\Program Files (x86)\Windows Kits\10\Include\10.0.19041.0\um\dlgs.h(266,17): error C4430: отсутствует спецификатор типа - предполагается int. Примечание. C++ не поддерживает int по умолчанию
C:\Program Files (x86)\Windows Kits\10\Include\10.0.19041.0\um\dlgs.h(267,13): error C3646: bGreen: неизвестный спецификатор переопределения
C:\Program Files (x86)\Windows Kits\10\Include\10.0.19041.0\um\dlgs.h(267,19): error C4430: отсутствует спецификатор типа - предполагается int. Примечание. C++ не поддерживает int по умолчанию
C:\Program Files (x86)\Windows Kits\10\Include\10.0.19041.0\um\dlgs.h(268,13): error C3646: bBlue: неизвестный спецификатор переопределения
C:\Program Files (x86)\Windows Kits\10\Include\10.0.19041.0\um\dlgs.h(268,18): error C4430: отсутствует спецификатор типа - предполагается int. Примечание. C++ не поддерживает int по умолчанию
C:\Program Files (x86)\Windows Kits\10\Include\10.0.19041.0\um\dlgs.h(269,13): error C3646: bExtra: неизвестный спецификатор переопределения
C:\Program Files (x86)\Windows Kits\10\Include\10.0.19041.0\um\dlgs.h(269,19): error C4430: отсутствует спецификатор типа - предполагается int. Примечание. C++ не поддерживает int по умолчанию
C:\Program Files (x86)\Windows Kits\10\Include\10.0.19041.0\um\lzexpand.h(26,8): error C2059: синтаксическая ошибка: строка
C:\Program Files (x86)\Windows Kits\10\Include\10.0.19041.0\um\lzexpand.h(26,12): error C2334: непредвиденные лексемы перед "{"; пропуск вероятного тела функции
C:\Program Files (x86)\Windows Kits\10\Include\10.0.19041.0\um\mmsyscom.h(29,8): error C2059: синтаксическая ошибка: строка
C:\Program Files (x86)\Windows Kits\10\Include\10.0.19041.0\um\mmsyscom.h(29,8): fatal error C1003: число ошибок превышает 100; остановка компиляции
